<?xml version="1.0" encoding="UTF-8"?>
<!-- Generated by org.testng.reporters.JUnitReportReporter -->
<testsuite hostname="DESKTOP-TO1F3ON" failures="0" tests="1" name="com.mobile.Rxdemo.TestBase" time="28.822" errors="0" timestamp="2023-04-20T20:02:29 IST" skipped="0">
  <testcase classname="com.mobile.Rxdemo.TestBase" name="Basetest" time="28.822"/>
  <system-out/>
</testsuite> <!-- com.mobile.Rxdemo.TestBase -->
